# JRE version: OpenJDK Runtime Environment Temurin-21.0.9+10 (21.0.9+10) (build 21.0.9+10-LTS)
# Java VM: OpenJDK 64-Bit Server VM Temurin-21.0.9+10 (21.0.9+10-LTS, mixed mode, sharing, tiered, compressed oops, compressed class ptrs, parallel gc, windows-amd64)
GC Precious Log:
 CardTable entry size: 512
 CPUs: 12 total, 12 available
 Memory: 15713M
 Large Page Support: Disabled
 NUMA Support: Disabled
 Compressed Oops: Enabled (32-bit)
 Alignments: Space 512K, Generation 512K, Heap 2M
 Heap Min Capacity: 100M
 Heap Initial Capacity: 100M
 Heap Max Capacity: 2G
 Pre-touch: Disabled
 Parallel Workers: 10
Heap:
 PSYoungGen      total 7168K, used 5755K [0x00000000d5580000, 0x00000000d5d80000, 0x0000000100000000)
  eden space 6144K, 81% used [0x00000000d5580000,0x00000000d5a66de8,0x00000000d5b80000)
  from space 1024K, 71% used [0x00000000d5c80000,0x00000000d5d38000,0x00000000d5d80000)
  to   space 1024K, 0% used [0x00000000d5b80000,0x00000000d5b80000,0x00000000d5c80000)
 ParOldGen       total 251392K, used 251069K [0x0000000080000000, 0x000000008f580000, 0x00000000d5580000)
  object space 251392K, 99% used [0x0000000080000000,0x000000008f52f6d0,0x000000008f580000)
 Metaspace       used 78039K, committed 79616K, reserved 1179648K
  class space    used 8233K, committed 8896K, reserved 1048576K
GC Heap History (20 events):
Event: 19.990 GC heap before
{Heap before GC invocations=362 (full 3):
 PSYoungGen      total 11776K, used 10917K [0x00000000d5580000, 0x00000000d6280000, 0x0000000100000000)
  eden space 10240K, 96% used [0x00000000d5580000,0x00000000d5f247d8,0x00000000d5f80000)
  from space 1536K, 67% used [0x00000000d6100000,0x00000000d6204d20,0x00000000d6280000)
  to   space 1536K, 0% used [0x00000000d5f80000,0x00000000d5f80000,0x00000000d6100000)
 ParOldGen       total 237568K, used 237292K [0x0000000080000000, 0x000000008e800000, 0x00000000d5580000)
  object space 237568K, 99% used [0x0000000080000000,0x000000008e7bb038,0x000000008e800000)
 Metaspace       used 77335K, committed 78976K, reserved 1179648K
  class space    used 8149K, committed 8832K, reserved 1048576K
}
Event: 19.991 GC heap after
{Heap after GC invocations=362 (full 3):
 PSYoungGen      total 10752K, used 410K [0x00000000d5580000, 0x00000000d6180000, 0x0000000100000000)
  eden space 10240K, 0% used [0x00000000d5580000,0x00000000d5580000,0x00000000d5f80000)
  from space 512K, 80% used [0x00000000d5f80000,0x00000000d5fe6900,0x00000000d6000000)
  to   space 1024K, 0% used [0x00000000d6080000,0x00000000d6080000,0x00000000d6180000)
 ParOldGen       total 238592K, used 238112K [0x0000000080000000, 0x000000008e900000, 0x00000000d5580000)
  object space 238592K, 99% used [0x0000000080000000,0x000000008e888068,0x000000008e900000)
 Metaspace       used 77335K, committed 78976K, reserved 1179648K
  class space    used 8149K, committed 8832K, reserved 1048576K
}
Event: 20.010 GC heap before
{Heap before GC invocations=363 (full 3):
 PSYoungGen      total 10752K, used 10650K [0x00000000d5580000, 0x00000000d6180000, 0x0000000100000000)
  eden space 10240K, 100% used [0x00000000d5580000,0x00000000d5f80000,0x00000000d5f80000)
  from space 512K, 80% used [0x00000000d5f80000,0x00000000d5fe6900,0x00000000d6000000)
  to   space 1024K, 0% used [0x00000000d6080000,0x00000000d6080000,0x00000000d6180000)
 ParOldGen       total 238592K, used 238112K [0x0000000080000000, 0x000000008e900000, 0x00000000d5580000)
  object space 238592K, 99% used [0x0000000080000000,0x000000008e888068,0x000000008e900000)
 Metaspace       used 77348K, committed 78976K, reserved 1179648K
  class space    used 8153K, committed 8832K, reserved 1048576K
}
Event: 20.014 GC heap after
{Heap after GC invocations=363 (full 3):
 PSYoungGen      total 1536K, used 992K [0x00000000d5580000, 0x00000000d7780000, 0x0000000100000000)
  eden space 512K, 0% used [0x00000000d5580000,0x00000000d5580000,0x00000000d5600000)
  from space 1024K, 96% used [0x00000000d6080000,0x00000000d61782b0,0x00000000d6180000)
  to   space 10752K, 0% used [0x00000000d5600000,0x00000000d5600000,0x00000000d6080000)
 ParOldGen       total 247808K, used 247405K [0x0000000080000000, 0x000000008f200000, 0x00000000d5580000)
  object space 247808K, 99% used [0x0000000080000000,0x000000008f19b518,0x000000008f200000)
 Metaspace       used 77348K, committed 78976K, reserved 1179648K
  class space    used 8153K, committed 8832K, reserved 1048576K
}
Event: 20.017 GC heap before
{Heap before GC invocations=364 (full 3):
 PSYoungGen      total 1536K, used 1504K [0x00000000d5580000, 0x00000000d7780000, 0x0000000100000000)
  eden space 512K, 100% used [0x00000000d5580000,0x00000000d5600000,0x00000000d5600000)
  from space 1024K, 96% used [0x00000000d6080000,0x00000000d61782b0,0x00000000d6180000)
  to   space 10752K, 0% used [0x00000000d5600000,0x00000000d5600000,0x00000000d6080000)
 ParOldGen       total 247808K, used 247405K [0x0000000080000000, 0x000000008f200000, 0x00000000d5580000)
  object space 247808K, 99% used [0x0000000080000000,0x000000008f19b518,0x000000008f200000)
 Metaspace       used 77363K, committed 78976K, reserved 1179648K
  class space    used 8155K, committed 8832K, reserved 1048576K
}
Event: 20.018 GC heap after
{Heap after GC invocations=364 (full 3):
 PSYoungGen      total 1024K, used 256K [0x00000000d5580000, 0x00000000d6100000, 0x0000000100000000)
  eden space 512K, 0% used [0x00000000d5580000,0x00000000d5580000,0x00000000d5600000)
  from space 512K, 50% used [0x00000000d5600000,0x00000000d5640000,0x00000000d5680000)
  to   space 4096K, 0% used [0x00000000d5d00000,0x00000000d5d00000,0x00000000d6100000)
 ParOldGen       total 248832K, used 248453K [0x0000000080000000, 0x000000008f300000, 0x00000000d5580000)
  object space 248832K, 99% used [0x0000000080000000,0x000000008f2a17c8,0x000000008f300000)
 Metaspace       used 77363K, committed 78976K, reserved 1179648K
  class space    used 8155K, committed 8832K, reserved 1048576K
}
Event: 20.020 GC heap before
{Heap before GC invocations=365 (full 3):
 PSYoungGen      total 1024K, used 767K [0x00000000d5580000, 0x00000000d6100000, 0x0000000100000000)
  eden space 512K, 99% used [0x00000000d5580000,0x00000000d55fffd0,0x00000000d5600000)
  from space 512K, 50% used [0x00000000d5600000,0x00000000d5640000,0x00000000d5680000)
  to   space 4096K, 0% used [0x00000000d5d00000,0x00000000d5d00000,0x00000000d6100000)
 ParOldGen       total 248832K, used 248453K [0x0000000080000000, 0x000000008f300000, 0x00000000d5580000)
  object space 248832K, 99% used [0x0000000080000000,0x000000008f2a17c8,0x000000008f300000)
 Metaspace       used 77367K, committed 78976K, reserved 1179648K
  class space    used 8156K, committed 8832K, reserved 1048576K
}
Event: 20.021 GC heap after
{Heap after GC invocations=365 (full 3):
 PSYoungGen      total 1024K, used 320K [0x00000000d5580000, 0x00000000d5d80000, 0x0000000100000000)
  eden space 512K, 0% used [0x00000000d5580000,0x00000000d5580000,0x00000000d5600000)
  from space 512K, 62% used [0x00000000d5d00000,0x00000000d5d50000,0x00000000d5d80000)
  to   space 1024K, 0% used [0x00000000d5b80000,0x00000000d5b80000,0x00000000d5c80000)
 ParOldGen       total 248832K, used 248578K [0x0000000080000000, 0x000000008f300000, 0x00000000d5580000)
  object space 248832K, 99% used [0x0000000080000000,0x000000008f2c09c8,0x000000008f300000)
 Metaspace       used 77367K, committed 78976K, reserved 1179648K
  class space    used 8156K, committed 8832K, reserved 1048576K
}
Event: 20.022 GC heap before
{Heap before GC invocations=366 (full 3):
 PSYoungGen      total 1024K, used 832K [0x00000000d5580000, 0x00000000d5d80000, 0x0000000100000000)
  eden space 512K, 100% used [0x00000000d5580000,0x00000000d5600000,0x00000000d5600000)
  from space 512K, 62% used [0x00000000d5d00000,0x00000000d5d50000,0x00000000d5d80000)
  to   space 1024K, 0% used [0x00000000d5b80000,0x00000000d5b80000,0x00000000d5c80000)
 ParOldGen       total 248832K, used 248578K [0x0000000080000000, 0x000000008f300000, 0x00000000d5580000)
  object space 248832K, 99% used [0x0000000080000000,0x000000008f2c09c8,0x000000008f300000)
 Metaspace       used 77368K, committed 78976K, reserved 1179648K
  class space    used 8156K, committed 8832K, reserved 1048576K
}
Event: 20.023 GC heap after
{Heap after GC invocations=366 (full 3):
 PSYoungGen      total 7168K, used 352K [0x00000000d5580000, 0x00000000d5d80000, 0x0000000100000000)
  eden space 6144K, 0% used [0x00000000d5580000,0x00000000d5580000,0x00000000d5b80000)
  from space 1024K, 34% used [0x00000000d5b80000,0x00000000d5bd8000,0x00000000d5c80000)
  to   space 512K, 0% used [0x00000000d5d00000,0x00000000d5d00000,0x00000000d5d80000)
 ParOldGen       total 248832K, used 248704K [0x0000000080000000, 0x000000008f300000, 0x00000000d5580000)
  object space 248832K, 99% used [0x0000000080000000,0x000000008f2e02f8,0x000000008f300000)
 Metaspace       used 77368K, committed 78976K, reserved 1179648K
  class space    used 8156K, committed 8832K, reserved 1048576K
}
Event: 20.036 GC heap before
{Heap before GC invocations=367 (full 3):
 PSYoungGen      total 7168K, used 6496K [0x00000000d5580000, 0x00000000d5d80000, 0x0000000100000000)
  eden space 6144K, 100% used [0x00000000d5580000,0x00000000d5b80000,0x00000000d5b80000)
  from space 1024K, 34% used [0x00000000d5b80000,0x00000000d5bd8000,0x00000000d5c80000)
  to   space 512K, 0% used [0x00000000d5d00000,0x00000000d5d00000,0x00000000d5d80000)
 ParOldGen       total 248832K, used 248704K [0x0000000080000000, 0x000000008f300000, 0x00000000d5580000)
  object space 248832K, 99% used [0x0000000080000000,0x000000008f2e02f8,0x000000008f300000)
 Metaspace       used 77392K, committed 79040K, reserved 1179648K
  class space    used 8159K, committed 8832K, reserved 1048576K
}
Event: 20.037 GC heap after
{Heap after GC invocations=367 (full 3):
 PSYoungGen      total 6656K, used 512K [0x00000000d5580000, 0x00000000d5d80000, 0x0000000100000000)
  eden space 6144K, 0% used [0x00000000d5580000,0x00000000d5580000,0x00000000d5b80000)
  from space 512K, 100% used [0x00000000d5d00000,0x00000000d5d80000,0x00000000d5d80000)
  to   space 1024K, 0% used [0x00000000d5b80000,0x00000000d5b80000,0x00000000d5c80000)
 ParOldGen       total 249344K, used 249024K [0x0000000080000000, 0x000000008f380000, 0x00000000d5580000)
  object space 249344K, 99% used [0x0000000080000000,0x000000008f330308,0x000000008f380000)
 Metaspace       used 77392K, committed 79040K, reserved 1179648K
  class space    used 8159K, committed 8832K, reserved 1048576K
}
Event: 20.060 GC heap before
{Heap before GC invocations=368 (full 3):
 PSYoungGen      total 6656K, used 6656K [0x00000000d5580000, 0x00000000d5d80000, 0x0000000100000000)
  eden space 6144K, 100% used [0x00000000d5580000,0x00000000d5b80000,0x00000000d5b80000)
  from space 512K, 100% used [0x00000000d5d00000,0x00000000d5d80000,0x00000000d5d80000)
  to   space 1024K, 0% used [0x00000000d5b80000,0x00000000d5b80000,0x00000000d5c80000)
 ParOldGen       total 249344K, used 249024K [0x0000000080000000, 0x000000008f380000, 0x00000000d5580000)
  object space 249344K, 99% used [0x0000000080000000,0x000000008f330308,0x000000008f380000)
 Metaspace       used 77457K, committed 79168K, reserved 1179648K
  class space    used 8177K, committed 8896K, reserved 1048576K
}
Event: 20.061 GC heap after
{Heap after GC invocations=368 (full 3):
 PSYoungGen      total 7168K, used 928K [0x00000000d5580000, 0x00000000d5d80000, 0x0000000100000000)
  eden space 6144K, 0% used [0x00000000d5580000,0x00000000d5580000,0x00000000d5b80000)
  from space 1024K, 90% used [0x00000000d5b80000,0x00000000d5c68000,0x00000000d5c80000)
  to   space 1024K, 0% used [0x00000000d5c80000,0x00000000d5c80000,0x00000000d5d80000)
 ParOldGen       total 249856K, used 249504K [0x0000000080000000, 0x000000008f400000, 0x00000000d5580000)
  object space 249856K, 99% used [0x0000000080000000,0x000000008f3a8318,0x000000008f400000)
 Metaspace       used 77457K, committed 79168K, reserved 1179648K
  class space    used 8177K, committed 8896K, reserved 1048576K
}
Event: 20.088 GC heap before
{Heap before GC invocations=369 (full 3):
 PSYoungGen      total 7168K, used 7072K [0x00000000d5580000, 0x00000000d5d80000, 0x0000000100000000)
  eden space 6144K, 100% used [0x00000000d5580000,0x00000000d5b80000,0x00000000d5b80000)
  from space 1024K, 90% used [0x00000000d5b80000,0x00000000d5c68000,0x00000000d5c80000)
  to   space 1024K, 0% used [0x00000000d5c80000,0x00000000d5c80000,0x00000000d5d80000)
 ParOldGen       total 249856K, used 249504K [0x0000000080000000, 0x000000008f400000, 0x00000000d5580000)
  object space 249856K, 99% used [0x0000000080000000,0x000000008f3a8318,0x000000008f400000)
 Metaspace       used 77509K, committed 79168K, reserved 1179648K
  class space    used 8178K, committed 8896K, reserved 1048576K
}
Event: 20.089 GC heap after
{Heap after GC invocations=369 (full 3):
 PSYoungGen      total 7168K, used 768K [0x00000000d5580000, 0x00000000d5d80000, 0x0000000100000000)
  eden space 6144K, 0% used [0x00000000d5580000,0x00000000d5580000,0x00000000d5b80000)
  from space 1024K, 75% used [0x00000000d5c80000,0x00000000d5d40000,0x00000000d5d80000)
  to   space 1024K, 0% used [0x00000000d5b80000,0x00000000d5b80000,0x00000000d5c80000)
 ParOldGen       total 250368K, used 250240K [0x0000000080000000, 0x000000008f480000, 0x00000000d5580000)
  object space 250368K, 99% used [0x0000000080000000,0x000000008f460318,0x000000008f480000)
 Metaspace       used 77509K, committed 79168K, reserved 1179648K
  class space    used 8178K, committed 8896K, reserved 1048576K
}
Event: 20.866 GC heap before
{Heap before GC invocations=370 (full 3):
 PSYoungGen      total 7168K, used 6912K [0x00000000d5580000, 0x00000000d5d80000, 0x0000000100000000)
  eden space 6144K, 100% used [0x00000000d5580000,0x00000000d5b80000,0x00000000d5b80000)
  from space 1024K, 75% used [0x00000000d5c80000,0x00000000d5d40000,0x00000000d5d80000)
  to   space 1024K, 0% used [0x00000000d5b80000,0x00000000d5b80000,0x00000000d5c80000)
 ParOldGen       total 250368K, used 250240K [0x0000000080000000, 0x000000008f480000, 0x00000000d5580000)
  object space 250368K, 99% used [0x0000000080000000,0x000000008f460318,0x000000008f480000)
 Metaspace       used 77747K, committed 79360K, reserved 1179648K
  class space    used 8224K, committed 8896K, reserved 1048576K
}
Event: 20.867 GC heap after
{Heap after GC invocations=370 (full 3):
 PSYoungGen      total 7168K, used 404K [0x00000000d5580000, 0x00000000d5d80000, 0x0000000100000000)
  eden space 6144K, 0% used [0x00000000d5580000,0x00000000d5580000,0x00000000d5b80000)
  from space 1024K, 39% used [0x00000000d5b80000,0x00000000d5be5200,0x00000000d5c80000)
  to   space 1024K, 0% used [0x00000000d5c80000,0x00000000d5c80000,0x00000000d5d80000)
 ParOldGen       total 250880K, used 250818K [0x0000000080000000, 0x000000008f500000, 0x00000000d5580000)
  object space 250880K, 99% used [0x0000000080000000,0x000000008f4f0a90,0x000000008f500000)
 Metaspace       used 77747K, committed 79360K, reserved 1179648K
  class space    used 8224K, committed 8896K, reserved 1048576K
}
Event: 20.882 GC heap before
{Heap before GC invocations=371 (full 3):
 PSYoungGen      total 7168K, used 6548K [0x00000000d5580000, 0x00000000d5d80000, 0x0000000100000000)
  eden space 6144K, 100% used [0x00000000d5580000,0x00000000d5b80000,0x00000000d5b80000)
  from space 1024K, 39% used [0x00000000d5b80000,0x00000000d5be5200,0x00000000d5c80000)
  to   space 1024K, 0% used [0x00000000d5c80000,0x00000000d5c80000,0x00000000d5d80000)
 ParOldGen       total 250880K, used 250818K [0x0000000080000000, 0x000000008f500000, 0x00000000d5580000)
  object space 250880K, 99% used [0x0000000080000000,0x000000008f4f0a90,0x000000008f500000)
 Metaspace       used 77757K, committed 79360K, reserved 1179648K
  class space    used 8224K, committed 8896K, reserved 1048576K
}
Event: 20.883 GC heap after
{Heap after GC invocations=371 (full 3):
 PSYoungGen      total 7168K, used 736K [0x00000000d5580000, 0x00000000d5d80000, 0x0000000100000000)
  eden space 6144K, 0% used [0x00000000d5580000,0x00000000d5580000,0x00000000d5b80000)
  from space 1024K, 71% used [0x00000000d5c80000,0x00000000d5d38000,0x00000000d5d80000)
  to   space 1024K, 0% used [0x00000000d5b80000,0x00000000d5b80000,0x00000000d5c80000)
 ParOldGen       total 251392K, used 251069K [0x0000000080000000, 0x000000008f580000, 0x00000000d5580000)
  object space 251392K, 99% used [0x0000000080000000,0x000000008f52f6d0,0x000000008f580000)
 Metaspace       used 77757K, committed 79360K, reserved 1179648K
  class space    used 8224K, committed 8896K, reserved 1048576K
}

